<?xml version="1.0" encoding="UTF-8"?>
<testsuite name="com.telrun.contacts.tests.RemoveContactTest" tests="1" skipped="0" failures="0" errors="0" timestamp="2022-08-09T08:38:12" hostname="MacBook-Air-Yulia.local" time="14.275">
  <properties/>
  <testcase name="removeContactTest" classname="com.telrun.contacts.tests.RemoveContactTest" time="14.275"/>
  <system-out><![CDATA[]]></system-out>
  <system-err><![CDATA[Starting ChromeDriver 104.0.5112.79 (3cf3e8c8a07d104b9e1260c910efb8f383285dc5-refs/branch-heads/5112@{#1307}) on port 30407
Only local connections are allowed.
Please see https://chromedriver.chromium.org/security-considerations for suggestions on keeping ChromeDriver safe.
ChromeDriver was started successfully.
авг. 09, 2022 10:38:06 AM org.openqa.selenium.remote.ProtocolHandshake createSession
INFO: Detected dialect: W3C
]]></system-err>
</testsuite>
