<?xml version="1.0" encoding="UTF-8"?>
<testsuite name="com.telrun.contacts.tests.LoginTest" tests="1" skipped="0" failures="0" errors="0" timestamp="2022-08-09T08:37:10" hostname="MacBook-Air-Yulia.local" time="1.538">
  <properties/>
  <testcase name="loginUserPositiveTest" classname="com.telrun.contacts.tests.LoginTest" time="1.538"/>
  <system-out><![CDATA[]]></system-out>
  <system-err><![CDATA[Starting ChromeDriver 104.0.5112.79 (3cf3e8c8a07d104b9e1260c910efb8f383285dc5-refs/branch-heads/5112@{#1307}) on port 18135
Only local connections are allowed.
Please see https://chromedriver.chromium.org/security-considerations for suggestions on keeping ChromeDriver safe.
ChromeDriver was started successfully.
авг. 09, 2022 10:37:09 AM org.openqa.selenium.remote.ProtocolHandshake createSession
INFO: Detected dialect: W3C
]]></system-err>
</testsuite>
