<?xml version="1.0" encoding="UTF-8"?>
<testsuite name="com.telrun.contacts.tests.HomePageTests" tests="3" skipped="0" failures="0" errors="0" timestamp="2022-08-08T20:43:49" hostname="MacBook-Air-Yulia.local" time="5.644">
  <properties/>
  <testcase name="checkHeaderWithLogin" classname="com.telrun.contacts.tests.HomePageTests" time="1.556"/>
  <testcase name="checkHeaderWithoutLogin" classname="com.telrun.contacts.tests.HomePageTests" time="0.089"/>
  <testcase name="testOpenHomePage" classname="com.telrun.contacts.tests.HomePageTests" time="0.05"/>
  <system-out><![CDATA[]]></system-out>
  <system-err><![CDATA[Starting ChromeDriver 104.0.5112.79 (3cf3e8c8a07d104b9e1260c910efb8f383285dc5-refs/branch-heads/5112@{#1307}) on port 17733
Only local connections are allowed.
Please see https://chromedriver.chromium.org/security-considerations for suggestions on keeping ChromeDriver safe.
ChromeDriver was started successfully.
авг. 08, 2022 10:43:48 PM org.openqa.selenium.remote.ProtocolHandshake createSession
INFO: Detected dialect: W3C
Starting ChromeDriver 104.0.5112.79 (3cf3e8c8a07d104b9e1260c910efb8f383285dc5-refs/branch-heads/5112@{#1307}) on port 10374
Only local connections are allowed.
Please see https://chromedriver.chromium.org/security-considerations for suggestions on keeping ChromeDriver safe.
ChromeDriver was started successfully.
авг. 08, 2022 10:43:52 PM org.openqa.selenium.remote.ProtocolHandshake createSession
INFO: Detected dialect: W3C
Starting ChromeDriver 104.0.5112.79 (3cf3e8c8a07d104b9e1260c910efb8f383285dc5-refs/branch-heads/5112@{#1307}) on port 42564
Only local connections are allowed.
Please see https://chromedriver.chromium.org/security-considerations for suggestions on keeping ChromeDriver safe.
ChromeDriver was started successfully.
авг. 08, 2022 10:43:54 PM org.openqa.selenium.remote.ProtocolHandshake createSession
INFO: Detected dialect: W3C
]]></system-err>
</testsuite>
